[debug] [2025-06-28T22:08:54.253Z] ----------------------------------------------------------------------
[debug] [2025-06-28T22:08:54.257Z] Command:       C:\Program Files\nodejs\node.exe C:\Users\asm\AppData\Roaming\npm\node_modules\firebase-tools\lib\bin\firebase.js deploy
[debug] [2025-06-28T22:08:54.257Z] CLI Version:   14.9.0
[debug] [2025-06-28T22:08:54.257Z] Platform:      win32
[debug] [2025-06-28T22:08:54.257Z] Node Version:  v22.12.0
[debug] [2025-06-28T22:08:54.258Z] Time:          Sun Jun 29 2025 01:08:54 GMT+0300 (Eastern European Summer Time)
[debug] [2025-06-28T22:08:54.258Z] ----------------------------------------------------------------------
[debug] 
[debug] [2025-06-28T22:08:54.564Z] > command requires scopes: ["email","openid","https://www.googleapis.com/auth/cloudplatformprojects.readonly","https://www.googleapis.com/auth/firebase","https://www.googleapis.com/auth/cloud-platform"]
[debug] [2025-06-28T22:08:54.565Z] > authorizing via signed-in user (abdullahgo924@gmail.com)
[debug] [2025-06-28T22:08:54.565Z] [iam] checking project torab1 for permissions ["firebase.projects.get","firebasehosting.sites.update"]
[debug] [2025-06-28T22:08:54.567Z] Checked if tokens are valid: true, expires at: 1751149543193
[debug] [2025-06-28T22:08:54.567Z] Checked if tokens are valid: true, expires at: 1751149543193
[debug] [2025-06-28T22:08:54.568Z] >>> [apiv2][query] POST https://cloudresourcemanager.googleapis.com/v1/projects/torab1:testIamPermissions [none]
[debug] [2025-06-28T22:08:54.568Z] >>> [apiv2][(partial)header] POST https://cloudresourcemanager.googleapis.com/v1/projects/torab1:testIamPermissions x-goog-quota-user=projects/torab1
[debug] [2025-06-28T22:08:54.568Z] >>> [apiv2][body] POST https://cloudresourcemanager.googleapis.com/v1/projects/torab1:testIamPermissions {"permissions":["firebase.projects.get","firebasehosting.sites.update"]}
[debug] [2025-06-28T22:08:58.054Z] <<< [apiv2][status] POST https://cloudresourcemanager.googleapis.com/v1/projects/torab1:testIamPermissions 200
[debug] [2025-06-28T22:08:58.054Z] <<< [apiv2][body] POST https://cloudresourcemanager.googleapis.com/v1/projects/torab1:testIamPermissions {"permissions":["firebase.projects.get","firebasehosting.sites.update"]}
[debug] [2025-06-28T22:08:58.055Z] Checked if tokens are valid: true, expires at: 1751149543193
[debug] [2025-06-28T22:08:58.055Z] Checked if tokens are valid: true, expires at: 1751149543193
[debug] [2025-06-28T22:08:58.055Z] >>> [apiv2][query] GET https://firebase.googleapis.com/v1beta1/projects/torab1 [none]
[debug] [2025-06-28T22:08:58.876Z] <<< [apiv2][status] GET https://firebase.googleapis.com/v1beta1/projects/torab1 200
[debug] [2025-06-28T22:08:58.877Z] <<< [apiv2][body] GET https://firebase.googleapis.com/v1beta1/projects/torab1 {"projectId":"torab1","projectNumber":"531017098224","displayName":"Torab","name":"projects/torab1","resources":{"hostingSite":"torab1"},"state":"ACTIVE","etag":"1_ff37c316-d098-436f-84e6-653ed8e468ec"}
[info] 
[info] === Deploying to 'torab1'...
[info] 
[info] i  deploying hosting 
[debug] [2025-06-28T22:08:58.887Z] Checked if tokens are valid: true, expires at: 1751149543193
[debug] [2025-06-28T22:08:58.887Z] Checked if tokens are valid: true, expires at: 1751149543193
[debug] [2025-06-28T22:08:58.887Z] >>> [apiv2][query] POST https://firebasehosting.googleapis.com/v1beta1/projects/-/sites/torab1/versions [none]
[debug] [2025-06-28T22:08:58.887Z] >>> [apiv2][body] POST https://firebasehosting.googleapis.com/v1beta1/projects/-/sites/torab1/versions {"status":"CREATED","labels":{"deployment-tool":"cli-firebase"}}
[debug] [2025-06-28T22:09:05.347Z] <<< [apiv2][status] POST https://firebasehosting.googleapis.com/v1beta1/projects/-/sites/torab1/versions 200
[debug] [2025-06-28T22:09:05.348Z] <<< [apiv2][body] POST https://firebasehosting.googleapis.com/v1beta1/projects/-/sites/torab1/versions {"name":"projects/531017098224/sites/torab1/versions/6f81bcdb9da681dd","status":"CREATED","config":{},"labels":{"deployment-tool":"cli-firebase"}}
[info] i  hosting[torab1]: beginning deploy... 
[info] i  hosting[torab1]: found 37 files in dist/social-media/browser 
[debug] [2025-06-28T22:09:05.421Z] [hosting] uploading with 200 concurrency
[debug] [2025-06-28T22:09:05.460Z] Checked if tokens are valid: true, expires at: 1751149543193
[debug] [2025-06-28T22:09:05.461Z] Checked if tokens are valid: true, expires at: 1751149543193
[debug] [2025-06-28T22:09:05.465Z] [hosting] hash cache [ZGlzdFxzb2NpYWwtbWVkaWFcYnJvd3Nlcg] stored for 37 files
[debug] [2025-06-28T22:09:05.466Z] [hosting][hash queue][FINAL] {"max":27,"min":1,"avg":9.513513513513514,"active":0,"complete":37,"success":37,"errored":0,"retried":0,"total":37,"elapsed":41}
[debug] [2025-06-28T22:09:05.467Z] >>> [apiv2][query] POST https://firebasehosting.googleapis.com/v1beta1/projects/531017098224/sites/torab1/versions/6f81bcdb9da681dd:populateFiles [none]
[debug] [2025-06-28T22:09:05.467Z] >>> [apiv2][body] POST https://firebasehosting.googleapis.com/v1beta1/projects/531017098224/sites/torab1/versions/6f81bcdb9da681dd:populateFiles {"files":{"/favicon.ico":"a905b13e228420df3dbe746dfb656d37a49736494c0737d00e007c8dc7319912","/assets/pic.jpg":"843d8f8eaabf8af33baa81e4aac7f1a3aa3f574b57e1c27a1aed1f873a10f1ff","/assets/images/two-factor-authentication.svg":"1f1595aafc74a4323d97d9fddda854d1335aa5072f9a4289e9ea260b3ba2e475","/assets/images/two-factor-authentication.png":"1594b71dcc83e53ecb7c3633bfb59420f5d2eae5bb217bd8774611b1e3701548","/assets/images/sign-up.svg":"ade201a2994ec79613bd164278095a438339490f85fb64b9a0b83551e11dc187","/assets/images/sign-up.png":"cd064e7c400d5526ad9715ad6b32985c9dc9d526c589af0990b8187668127765","/assets/images/sign-in.svg":"355585714bcf89e8db4eb0396c3a6a75fb622f6a2b2a25a9bdd0ed18adc7d586","/assets/images/sign-in.png":"b07c10e58a5b3fee57150085c297f4ac0fd2aae21b47b4608feb78f4b3c52814","/assets/images/reset-password.svg":"68252d3d332c274d669acca1f35b0ea2da538699e12b8dd0f116efb6ac139289","/assets/images/reset-password.png":"b9424fdd2344aeb7a5758288d788db4348531313debc97ee987379341e127764","/assets/images/icon-success.svg":"594eae64f6b07cd379ff8ef81e7ad2457bac10921cb9a003998534e2fd94d1a2","/assets/images/icon-list.svg":"fe42b7d70f00d33d29e790b4795860b20bd9c85455c09e5d41e49674257e7118","/assets/images/Forgot-password.svg":"4f5ec3c46198443140f47a39293ca5f1864e2245ee5b0de65d6a9dd6102ba354","/assets/images/Forgot-password.png":"0bf57aec7e8cb73529106f0c214baa9cbac002a701d0297427c6082f2b8a652a","/assets/images/default-avatar.png":"843d8f8eaabf8af33baa81e4aac7f1a3aa3f574b57e1c27a1aed1f873a10f1ff","/assets/images/confirmation-password.svg":"f28980130de4de808d0e1dfd3e41fd687c7f7344affb2f905840ea30c025a52e","/assets/images/confirmation-password.png":"05c64ea5d75dd2edf4b96713d368a053e0aa3b9cadff548147f2685bb51aca36","/assets/images/confirmation-email.svg":"20932229568a626d1ef223b5525dc10d503ee5a7ae7e8c8350310e031f79f99f","/assets/images/confirmation-email.png":"62eccc9b96c79838d3b5c053bafc8ccf3557fa5a9f54d061244e62b515f2eb18","/assets/fonts/Roboto-Regular.ttf":"0130c3d0fb225d6e8417d925e1df814cc6c8cf46a9eff31636344bf29d41d3bd","/assets/fonts/Roboto-Bold.ttf":"b708b9e3629972f97f956d4e26552e60eceba854ae80b4e460f69ef55d41877d","/assets/fonts/LICENSE.txt":"ee32ee4f762de401f8bfed3b592234037f324135f19408044585c6ec82ff56b8","/styles-7TR2KX3I.css":"12f7234a2025ab3c7820c2a2f35b243053d9f71686d7038ce59910961e894270","/index.html":"2c01bc3e8b9db505568d6caab9e796f8af3c1119f0c8fa84a18208780f90a42c","/chunk-MA6WZH7H.js":"673c150f2d3076879d3ffeac421d5f2d2e67fe18490a2f504c92f9e46fc4fd32","/chunk-TNLNTMC5.js":"b67260197791445855e11793f9b92b661fa2c6da0a2aa86fe3e9a87821245e7f","/main-75GGB3YP.js":"07f479f22fb07cad56a0331937bba4337794c4f7f137794fbcb5ff4310ab8b21","/chunk-MMJLAK4Q.js":"fd5b8e8a9112bfe693c3686bd9aded150ace7d7a2f2636bd079c784db4f8384c","/chunk-DILYXBDA.js":"6c26094abe92fadeaa6d3e5bab2c8d4721ce0dc2f17695c812c7b186e8d65cd9","/chunk-BBHGDH2L.js":"3b363424509676aa4bbe0f3797cc405e9d1cf8d413c90e5ab30bc8ca35f06cc2","/chunk-HOXOEPX4.js":"2c7a3b5829aa8d08663c3e1af130d4ec4e09e3ea339a2b92ad524b1ccc1f8f41","/chunk-OULHC3FU.js":"6665cdfbe15a6bd135af5723dbfcff7027bcbfdad201a02e640d5371a7f47a2a","/chunk-5GFLVRTJ.js":"4bb70ea76c2b0d108787ea76f5622ad509a369076ac8e2975ab791972f9eb7c8","/chunk-LFOQVRSB.js":"134e7d7b30a09d3449cde851dabd1c9332849291a220ce5aa3eb9058d784aff4","/chunk-CHVJBAJ6.js":"645bef32cf0dfbef36e654a6e91e95a41b13a805f02d448171299789a0c8a698","/chunk-7YBTNS5L.js":"9b3c2c4584fee27a256e75f54922488f8d0540cad737699ca2521d48c7f815ef","/chunk-CD4PON2T.js":"8deac85afef3505a91b34f1621e880eaec4569d92cc9433340a6f257bb840a23"}}
[debug] [2025-06-28T22:09:16.401Z] *** [apiv2] error from fetch(https://firebasehosting.googleapis.com/v1beta1/projects/531017098224/sites/torab1/versions/6f81bcdb9da681dd:populateFiles, {"headers":{},"method":"POST","body":"{\"files\":{\"/favicon.ico\":\"a905b13e228420df3dbe746dfb656d37a49736494c0737d00e007c8dc7319912\",\"/assets/pic.jpg\":\"843d8f8eaabf8af33baa81e4aac7f1a3aa3f574b57e1c27a1aed1f873a10f1ff\",\"/assets/images/two-factor-authentication.svg\":\"1f1595aafc74a4323d97d9fddda854d1335aa5072f9a4289e9ea260b3ba2e475\",\"/assets/images/two-factor-authentication.png\":\"1594b71dcc83e53ecb7c3633bfb59420f5d2eae5bb217bd8774611b1e3701548\",\"/assets/images/sign-up.svg\":\"ade201a2994ec79613bd164278095a438339490f85fb64b9a0b83551e11dc187\",\"/assets/images/sign-up.png\":\"cd064e7c400d5526ad9715ad6b32985c9dc9d526c589af0990b8187668127765\",\"/assets/images/sign-in.svg\":\"355585714bcf89e8db4eb0396c3a6a75fb622f6a2b2a25a9bdd0ed18adc7d586\",\"/assets/images/sign-in.png\":\"b07c10e58a5b3fee57150085c297f4ac0fd2aae21b47b4608feb78f4b3c52814\",\"/assets/images/reset-password.svg\":\"68252d3d332c274d669acca1f35b0ea2da538699e12b8dd0f116efb6ac139289\",\"/assets/images/reset-password.png\":\"b9424fdd2344aeb7a5758288d788db4348531313debc97ee987379341e127764\",\"/assets/images/icon-success.svg\":\"594eae64f6b07cd379ff8ef81e7ad2457bac10921cb9a003998534e2fd94d1a2\",\"/assets/images/icon-list.svg\":\"fe42b7d70f00d33d29e790b4795860b20bd9c85455c09e5d41e49674257e7118\",\"/assets/images/Forgot-password.svg\":\"4f5ec3c46198443140f47a39293ca5f1864e2245ee5b0de65d6a9dd6102ba354\",\"/assets/images/Forgot-password.png\":\"0bf57aec7e8cb73529106f0c214baa9cbac002a701d0297427c6082f2b8a652a\",\"/assets/images/default-avatar.png\":\"843d8f8eaabf8af33baa81e4aac7f1a3aa3f574b57e1c27a1aed1f873a10f1ff\",\"/assets/images/confirmation-password.svg\":\"f28980130de4de808d0e1dfd3e41fd687c7f7344affb2f905840ea30c025a52e\",\"/assets/images/confirmation-password.png\":\"05c64ea5d75dd2edf4b96713d368a053e0aa3b9cadff548147f2685bb51aca36\",\"/assets/images/confirmation-email.svg\":\"20932229568a626d1ef223b5525dc10d503ee5a7ae7e8c8350310e031f79f99f\",\"/assets/images/confirmation-email.png\":\"62eccc9b96c79838d3b5c053bafc8ccf3557fa5a9f54d061244e62b515f2eb18\",\"/assets/fonts/Roboto-Regular.ttf\":\"0130c3d0fb225d6e8417d925e1df814cc6c8cf46a9eff31636344bf29d41d3bd\",\"/assets/fonts/Roboto-Bold.ttf\":\"b708b9e3629972f97f956d4e26552e60eceba854ae80b4e460f69ef55d41877d\",\"/assets/fonts/LICENSE.txt\":\"ee32ee4f762de401f8bfed3b592234037f324135f19408044585c6ec82ff56b8\",\"/styles-7TR2KX3I.css\":\"12f7234a2025ab3c7820c2a2f35b243053d9f71686d7038ce59910961e894270\",\"/index.html\":\"2c01bc3e8b9db505568d6caab9e796f8af3c1119f0c8fa84a18208780f90a42c\",\"/chunk-MA6WZH7H.js\":\"673c150f2d3076879d3ffeac421d5f2d2e67fe18490a2f504c92f9e46fc4fd32\",\"/chunk-TNLNTMC5.js\":\"b67260197791445855e11793f9b92b661fa2c6da0a2aa86fe3e9a87821245e7f\",\"/main-75GGB3YP.js\":\"07f479f22fb07cad56a0331937bba4337794c4f7f137794fbcb5ff4310ab8b21\",\"/chunk-MMJLAK4Q.js\":\"fd5b8e8a9112bfe693c3686bd9aded150ace7d7a2f2636bd079c784db4f8384c\",\"/chunk-DILYXBDA.js\":\"6c26094abe92fadeaa6d3e5bab2c8d4721ce0dc2f17695c812c7b186e8d65cd9\",\"/chunk-BBHGDH2L.js\":\"3b363424509676aa4bbe0f3797cc405e9d1cf8d413c90e5ab30bc8ca35f06cc2\",\"/chunk-HOXOEPX4.js\":\"2c7a3b5829aa8d08663c3e1af130d4ec4e09e3ea339a2b92ad524b1ccc1f8f41\",\"/chunk-OULHC3FU.js\":\"6665cdfbe15a6bd135af5723dbfcff7027bcbfdad201a02e640d5371a7f47a2a\",\"/chunk-5GFLVRTJ.js\":\"4bb70ea76c2b0d108787ea76f5622ad509a369076ac8e2975ab791972f9eb7c8\",\"/chunk-LFOQVRSB.js\":\"134e7d7b30a09d3449cde851dabd1c9332849291a220ce5aa3eb9058d784aff4\",\"/chunk-CHVJBAJ6.js\":\"645bef32cf0dfbef36e654a6e91e95a41b13a805f02d448171299789a0c8a698\",\"/chunk-7YBTNS5L.js\":\"9b3c2c4584fee27a256e75f54922488f8d0540cad737699ca2521d48c7f815ef\",\"/chunk-CD4PON2T.js\":\"8deac85afef3505a91b34f1621e880eaec4569d92cc9433340a6f257bb840a23\"}}"}): FetchError: request to https://firebasehosting.googleapis.com/v1beta1/projects/531017098224/sites/torab1/versions/6f81bcdb9da681dd:populateFiles failed, reason: read ECONNRESET
[debug] [2025-06-28T22:09:16.815Z] [populateQueue] Retrying task index 0
[debug] [2025-06-28T22:09:16.816Z] Checked if tokens are valid: true, expires at: 1751149543193
[debug] [2025-06-28T22:09:16.816Z] Checked if tokens are valid: true, expires at: 1751149543193
[debug] [2025-06-28T22:09:16.817Z] >>> [apiv2][query] POST https://firebasehosting.googleapis.com/v1beta1/projects/531017098224/sites/torab1/versions/6f81bcdb9da681dd:populateFiles [none]
[debug] [2025-06-28T22:09:16.817Z] >>> [apiv2][body] POST https://firebasehosting.googleapis.com/v1beta1/projects/531017098224/sites/torab1/versions/6f81bcdb9da681dd:populateFiles {"files":{"/favicon.ico":"a905b13e228420df3dbe746dfb656d37a49736494c0737d00e007c8dc7319912","/assets/pic.jpg":"843d8f8eaabf8af33baa81e4aac7f1a3aa3f574b57e1c27a1aed1f873a10f1ff","/assets/images/two-factor-authentication.svg":"1f1595aafc74a4323d97d9fddda854d1335aa5072f9a4289e9ea260b3ba2e475","/assets/images/two-factor-authentication.png":"1594b71dcc83e53ecb7c3633bfb59420f5d2eae5bb217bd8774611b1e3701548","/assets/images/sign-up.svg":"ade201a2994ec79613bd164278095a438339490f85fb64b9a0b83551e11dc187","/assets/images/sign-up.png":"cd064e7c400d5526ad9715ad6b32985c9dc9d526c589af0990b8187668127765","/assets/images/sign-in.svg":"355585714bcf89e8db4eb0396c3a6a75fb622f6a2b2a25a9bdd0ed18adc7d586","/assets/images/sign-in.png":"b07c10e58a5b3fee57150085c297f4ac0fd2aae21b47b4608feb78f4b3c52814","/assets/images/reset-password.svg":"68252d3d332c274d669acca1f35b0ea2da538699e12b8dd0f116efb6ac139289","/assets/images/reset-password.png":"b9424fdd2344aeb7a5758288d788db4348531313debc97ee987379341e127764","/assets/images/icon-success.svg":"594eae64f6b07cd379ff8ef81e7ad2457bac10921cb9a003998534e2fd94d1a2","/assets/images/icon-list.svg":"fe42b7d70f00d33d29e790b4795860b20bd9c85455c09e5d41e49674257e7118","/assets/images/Forgot-password.svg":"4f5ec3c46198443140f47a39293ca5f1864e2245ee5b0de65d6a9dd6102ba354","/assets/images/Forgot-password.png":"0bf57aec7e8cb73529106f0c214baa9cbac002a701d0297427c6082f2b8a652a","/assets/images/default-avatar.png":"843d8f8eaabf8af33baa81e4aac7f1a3aa3f574b57e1c27a1aed1f873a10f1ff","/assets/images/confirmation-password.svg":"f28980130de4de808d0e1dfd3e41fd687c7f7344affb2f905840ea30c025a52e","/assets/images/confirmation-password.png":"05c64ea5d75dd2edf4b96713d368a053e0aa3b9cadff548147f2685bb51aca36","/assets/images/confirmation-email.svg":"20932229568a626d1ef223b5525dc10d503ee5a7ae7e8c8350310e031f79f99f","/assets/images/confirmation-email.png":"62eccc9b96c79838d3b5c053bafc8ccf3557fa5a9f54d061244e62b515f2eb18","/assets/fonts/Roboto-Regular.ttf":"0130c3d0fb225d6e8417d925e1df814cc6c8cf46a9eff31636344bf29d41d3bd","/assets/fonts/Roboto-Bold.ttf":"b708b9e3629972f97f956d4e26552e60eceba854ae80b4e460f69ef55d41877d","/assets/fonts/LICENSE.txt":"ee32ee4f762de401f8bfed3b592234037f324135f19408044585c6ec82ff56b8","/styles-7TR2KX3I.css":"12f7234a2025ab3c7820c2a2f35b243053d9f71686d7038ce59910961e894270","/index.html":"2c01bc3e8b9db505568d6caab9e796f8af3c1119f0c8fa84a18208780f90a42c","/chunk-MA6WZH7H.js":"673c150f2d3076879d3ffeac421d5f2d2e67fe18490a2f504c92f9e46fc4fd32","/chunk-TNLNTMC5.js":"b67260197791445855e11793f9b92b661fa2c6da0a2aa86fe3e9a87821245e7f","/main-75GGB3YP.js":"07f479f22fb07cad56a0331937bba4337794c4f7f137794fbcb5ff4310ab8b21","/chunk-MMJLAK4Q.js":"fd5b8e8a9112bfe693c3686bd9aded150ace7d7a2f2636bd079c784db4f8384c","/chunk-DILYXBDA.js":"6c26094abe92fadeaa6d3e5bab2c8d4721ce0dc2f17695c812c7b186e8d65cd9","/chunk-BBHGDH2L.js":"3b363424509676aa4bbe0f3797cc405e9d1cf8d413c90e5ab30bc8ca35f06cc2","/chunk-HOXOEPX4.js":"2c7a3b5829aa8d08663c3e1af130d4ec4e09e3ea339a2b92ad524b1ccc1f8f41","/chunk-OULHC3FU.js":"6665cdfbe15a6bd135af5723dbfcff7027bcbfdad201a02e640d5371a7f47a2a","/chunk-5GFLVRTJ.js":"4bb70ea76c2b0d108787ea76f5622ad509a369076ac8e2975ab791972f9eb7c8","/chunk-LFOQVRSB.js":"134e7d7b30a09d3449cde851dabd1c9332849291a220ce5aa3eb9058d784aff4","/chunk-CHVJBAJ6.js":"645bef32cf0dfbef36e654a6e91e95a41b13a805f02d448171299789a0c8a698","/chunk-7YBTNS5L.js":"9b3c2c4584fee27a256e75f54922488f8d0540cad737699ca2521d48c7f815ef","/chunk-CD4PON2T.js":"8deac85afef3505a91b34f1621e880eaec4569d92cc9433340a6f257bb840a23"}}
[debug] [2025-06-28T22:09:18.802Z] <<< [apiv2][status] POST https://firebasehosting.googleapis.com/v1beta1/projects/531017098224/sites/torab1/versions/6f81bcdb9da681dd:populateFiles 200
[debug] [2025-06-28T22:09:18.803Z] <<< [apiv2][body] POST https://firebasehosting.googleapis.com/v1beta1/projects/531017098224/sites/torab1/versions/6f81bcdb9da681dd:populateFiles {"uploadRequiredHashes":["9b3c2c4584fee27a256e75f54922488f8d0540cad737699ca2521d48c7f815ef","2c01bc3e8b9db505568d6caab9e796f8af3c1119f0c8fa84a18208780f90a42c","2c7a3b5829aa8d08663c3e1af130d4ec4e09e3ea339a2b92ad524b1ccc1f8f41","12f7234a2025ab3c7820c2a2f35b243053d9f71686d7038ce59910961e894270","4bb70ea76c2b0d108787ea76f5622ad509a369076ac8e2975ab791972f9eb7c8","07f479f22fb07cad56a0331937bba4337794c4f7f137794fbcb5ff4310ab8b21"],"uploadUrl":"https://upload-firebasehosting.googleapis.com/upload/sites/torab1/versions/6f81bcdb9da681dd/files"}
[debug] [2025-06-28T22:09:18.804Z] Checked if tokens are valid: true, expires at: 1751149543193
[debug] [2025-06-28T22:09:18.804Z] Checked if tokens are valid: true, expires at: 1751149543193
[debug] [2025-06-28T22:09:18.804Z] Checked if tokens are valid: true, expires at: 1751149543193
[debug] [2025-06-28T22:09:18.804Z] Checked if tokens are valid: true, expires at: 1751149543193
[debug] [2025-06-28T22:09:18.804Z] Checked if tokens are valid: true, expires at: 1751149543193
[debug] [2025-06-28T22:09:18.805Z] Checked if tokens are valid: true, expires at: 1751149543193
[debug] [2025-06-28T22:09:18.805Z] Checked if tokens are valid: true, expires at: 1751149543193
[debug] [2025-06-28T22:09:18.805Z] Checked if tokens are valid: true, expires at: 1751149543193
[debug] [2025-06-28T22:09:18.806Z] Checked if tokens are valid: true, expires at: 1751149543193
[debug] [2025-06-28T22:09:18.806Z] Checked if tokens are valid: true, expires at: 1751149543193
[debug] [2025-06-28T22:09:18.806Z] Checked if tokens are valid: true, expires at: 1751149543193
[debug] [2025-06-28T22:09:18.806Z] Checked if tokens are valid: true, expires at: 1751149543193
[debug] [2025-06-28T22:09:18.806Z] >>> [apiv2][query] POST https://upload-firebasehosting.googleapis.com/upload/sites/torab1/versions/6f81bcdb9da681dd/files/9b3c2c4584fee27a256e75f54922488f8d0540cad737699ca2521d48c7f815ef [none]
[debug] [2025-06-28T22:09:18.807Z] >>> [apiv2][body] POST https://upload-firebasehosting.googleapis.com/upload/sites/torab1/versions/6f81bcdb9da681dd/files/9b3c2c4584fee27a256e75f54922488f8d0540cad737699ca2521d48c7f815ef [stream]
[debug] [2025-06-28T22:09:18.808Z] >>> [apiv2][query] POST https://upload-firebasehosting.googleapis.com/upload/sites/torab1/versions/6f81bcdb9da681dd/files/2c01bc3e8b9db505568d6caab9e796f8af3c1119f0c8fa84a18208780f90a42c [none]
[debug] [2025-06-28T22:09:18.808Z] >>> [apiv2][body] POST https://upload-firebasehosting.googleapis.com/upload/sites/torab1/versions/6f81bcdb9da681dd/files/2c01bc3e8b9db505568d6caab9e796f8af3c1119f0c8fa84a18208780f90a42c [stream]
[debug] [2025-06-28T22:09:18.810Z] >>> [apiv2][query] POST https://upload-firebasehosting.googleapis.com/upload/sites/torab1/versions/6f81bcdb9da681dd/files/2c7a3b5829aa8d08663c3e1af130d4ec4e09e3ea339a2b92ad524b1ccc1f8f41 [none]
[debug] [2025-06-28T22:09:18.810Z] >>> [apiv2][body] POST https://upload-firebasehosting.googleapis.com/upload/sites/torab1/versions/6f81bcdb9da681dd/files/2c7a3b5829aa8d08663c3e1af130d4ec4e09e3ea339a2b92ad524b1ccc1f8f41 [stream]
[debug] [2025-06-28T22:09:18.812Z] >>> [apiv2][query] POST https://upload-firebasehosting.googleapis.com/upload/sites/torab1/versions/6f81bcdb9da681dd/files/12f7234a2025ab3c7820c2a2f35b243053d9f71686d7038ce59910961e894270 [none]
[debug] [2025-06-28T22:09:18.812Z] >>> [apiv2][body] POST https://upload-firebasehosting.googleapis.com/upload/sites/torab1/versions/6f81bcdb9da681dd/files/12f7234a2025ab3c7820c2a2f35b243053d9f71686d7038ce59910961e894270 [stream]
[debug] [2025-06-28T22:09:18.817Z] >>> [apiv2][query] POST https://upload-firebasehosting.googleapis.com/upload/sites/torab1/versions/6f81bcdb9da681dd/files/4bb70ea76c2b0d108787ea76f5622ad509a369076ac8e2975ab791972f9eb7c8 [none]
[debug] [2025-06-28T22:09:18.817Z] >>> [apiv2][body] POST https://upload-firebasehosting.googleapis.com/upload/sites/torab1/versions/6f81bcdb9da681dd/files/4bb70ea76c2b0d108787ea76f5622ad509a369076ac8e2975ab791972f9eb7c8 [stream]
[debug] [2025-06-28T22:09:18.820Z] >>> [apiv2][query] POST https://upload-firebasehosting.googleapis.com/upload/sites/torab1/versions/6f81bcdb9da681dd/files/07f479f22fb07cad56a0331937bba4337794c4f7f137794fbcb5ff4310ab8b21 [none]
[debug] [2025-06-28T22:09:18.820Z] >>> [apiv2][body] POST https://upload-firebasehosting.googleapis.com/upload/sites/torab1/versions/6f81bcdb9da681dd/files/07f479f22fb07cad56a0331937bba4337794c4f7f137794fbcb5ff4310ab8b21 [stream]
[debug] [2025-06-28T22:09:18.823Z] [hosting][populate queue][FINAL] {"max":1990,"min":1990,"avg":1990,"active":0,"complete":1,"success":1,"errored":0,"retried":1,"total":1,"elapsed":13363}
[debug] [2025-06-28T22:09:18.823Z] [hosting] uploads queued: 6
[debug] [2025-06-28T22:09:21.190Z] <<< [apiv2][status] POST https://upload-firebasehosting.googleapis.com/upload/sites/torab1/versions/6f81bcdb9da681dd/files/2c7a3b5829aa8d08663c3e1af130d4ec4e09e3ea339a2b92ad524b1ccc1f8f41 200
[debug] [2025-06-28T22:09:21.190Z] <<< [apiv2][body] POST https://upload-firebasehosting.googleapis.com/upload/sites/torab1/versions/6f81bcdb9da681dd/files/2c7a3b5829aa8d08663c3e1af130d4ec4e09e3ea339a2b92ad524b1ccc1f8f41 [stream]
[debug] [2025-06-28T22:09:21.891Z] <<< [apiv2][status] POST https://upload-firebasehosting.googleapis.com/upload/sites/torab1/versions/6f81bcdb9da681dd/files/2c01bc3e8b9db505568d6caab9e796f8af3c1119f0c8fa84a18208780f90a42c 200
[debug] [2025-06-28T22:09:21.891Z] <<< [apiv2][body] POST https://upload-firebasehosting.googleapis.com/upload/sites/torab1/versions/6f81bcdb9da681dd/files/2c01bc3e8b9db505568d6caab9e796f8af3c1119f0c8fa84a18208780f90a42c [stream]
